<?xml version="1.0" encoding="UTF-8"?>
<!-- Generated by org.testng.reporters.JUnitReportReporter -->
<testsuite hostname="DESKTOP-R0FCB55" name="com.FB2021.test.dryRun" tests="1" failures="0" timestamp="8 Jan 2021 14:11:31 GMT" time="10.157" errors="0">
  <testcase name="test" time="10.157" classname="com.FB2021.test.dryRun"/>
</testsuite> <!-- com.FB2021.test.dryRun -->
